<?xml version="1.0" encoding="UTF-8"?>
<testsuite xmlns:xsi="http://www.w3.org/2001/XMLSchema-instance" xsi:noNamespaceSchemaLocation="https://maven.apache.org/surefire/maven-surefire-plugin/xsd/surefire-test-report-3.0.xsd" version="3.0" name="top.om1ga.apidemo.ApiDemoApplicationTests" time="2.508" tests="1" errors="0" skipped="0" failures="0">
  <properties>
[...]
</properties>
  <testcase name="contextLoads" classname="top.om1ga.apidemo.ApiDemoApplicationTests" time="0.837">
    <system-out><![CDATA[11:41:48.122 [main] INFO org.springframework.test.context.support.AnnotationConfigContextLoaderUtils -- Could not detect default configuration classes for test class [top.om1ga.apidemo.ApiDemoApplicationTests]: ApiDemoApplicationTests does not declare any static, non-private, non-final, nested classes annotated with @Configuration.
11:41:48.229 [main] INFO org.springframework.boot.test.context.SpringBootTestContextBootstrapper -- Found @SpringBootConfiguration top.om1ga.apidemo.ApiDemoApplication for test class top.om1ga.apidemo.ApiDemoApplicationTests

  .   ____          _            __ _ _
 /\\ / ___'_ __ _ _(_)_ __  __ _ \ \ \ \
( ( )\___ | '_ | '_| | '_ \/ _` | \ \ \ \
 \\/  ___)| |_)| | | | | || (_| |  ) ) ) )
  '  |____| .__|_| |_|_| |_\__, | / / / /
 =========|_|==============|___/=/_/_/_/
 :: Spring Boot ::                (v3.1.5)

2023-10-29T11:41:48.609+08:00  INFO 17796 --- [           main] t.om1ga.apidemo.ApiDemoApplicationTests  : Starting ApiDemoApplicationTests using Java 17.0.1 with PID 17796 (started by 84508 in D:\projects\api-demo)
2023-10-29T11:41:48.611+08:00  INFO 17796 --- [           main] t.om1ga.apidemo.ApiDemoApplicationTests  : No active profile set, falling back to 1 default profile: "default"
2023-10-29T11:41:49.616+08:00  INFO 17796 --- [           main] t.om1ga.apidemo.ApiDemoApplicationTests  : Started ApiDemoApplicationTests in 1.249 seconds (process running for 2.094)
]]></system-out>
  </testcase>
</testsuite>